<?xml version="1.0" encoding="UTF-8"?>
<!-- Generated by org.testng.reporters.JUnitXMLReporter -->
<testsuite ignored="0" hostname="DESKTOP-O7O7JU5" failures="0" tests="4" name="Methods Executions" time="3.377" errors="0" timestamp="2025-09-21T21:58:49 IST">
  <testcase classname="com.TestNGPractice.TestNGExecutionOrder" name="URL" time="1.268"/>
  <testcase classname="com.TestNGPractice.TestNGTest" name="ABCTC" time="0.004"/>
  <testcase classname="com.TestNGPractice.TestNGTest" name="ABCTC0" time="0.004"/>
  <testcase classname="com.TestNGPractice.TestNGTest" name="FirstTC0" time="0.004"/>
</testsuite> <!-- Methods Executions -->
