<?xml version="1.0" encoding="UTF-8"?>
<!-- Generated by org.testng.reporters.JUnitXMLReporter -->
<testsuite ignored="0" hostname="DESKTOP-O7O7JU5" failures="0" tests="4" name="RegressionTests" time="3.231" errors="0" timestamp="2025-09-20T22:44:07 IST">
  <testcase classname="com.TestNGPractice.TestNGExecutionOrder" name="URL" time="1.015"/>
  <testcase classname="com.TestNGPractice.TestNGTest" name="ABCTC" time="0.002"/>
  <testcase classname="com.TestNGPractice.TestNGTest" name="ABCTC0" time="0.005"/>
  <testcase classname="com.TestNGPractice.TestNGTest" name="FirstTC0" time="0.003"/>
</testsuite> <!-- RegressionTests -->
