<?xml version="1.0" encoding="UTF-8"?>
<testng-results ignored="0" total="2" passed="2" failed="0" skipped="0">
  <reporter-output>
  </reporter-output>
  <suite started-at="2025-10-05T00:08:51 IST" name="Default suite" finished-at="2025-10-05T00:09:18 IST" duration-ms="27380">
    <groups>
    </groups>
    <test started-at="2025-10-05T00:08:51 IST" name="Default test" finished-at="2025-10-05T00:09:18 IST" duration-ms="27380">
      <class name="com.DataProvider.DataproviderEx2">
        <test-method signature="Dataprovider1(java.lang.String,java.lang.String)[pri:0, instance:com.DataProvider.DataproviderEx2@2df3b89c]" started-at="2025-10-05T00:08:51 IST" name="Dataprovider1" data-provider="Input" finished-at="2025-10-05T00:09:03 IST" duration-ms="11933" status="PASS">
          <params>
            <param index="0">
              <value>
                <![CDATA[Admin]]>
              </value>
            </param>
            <param index="1">
              <value>
                <![CDATA[Admin123]]>
              </value>
            </param>
          </params>
          <reporter-output>
          </reporter-output>
        </test-method> <!-- Dataprovider1 -->
        <test-method signature="Dataprovider1(java.lang.String,java.lang.String)[pri:0, instance:com.DataProvider.DataproviderEx2@2df3b89c]" started-at="2025-10-05T00:09:03 IST" name="Dataprovider1" data-provider="Input" finished-at="2025-10-05T00:09:18 IST" duration-ms="14621" status="PASS">
          <params>
            <param index="0">
              <value>
                <![CDATA[flsadmin]]>
              </value>
            </param>
            <param index="1">
              <value>
                <![CDATA[flscargo123]]>
              </value>
            </param>
          </params>
          <reporter-output>
          </reporter-output>
        </test-method> <!-- Dataprovider1 -->
      </class> <!-- com.DataProvider.DataproviderEx2 -->
    </test> <!-- Default test -->
  </suite> <!-- Default suite -->
</testng-results>
