<?xml version="1.0" encoding="UTF-8"?>
<!-- Generated by org.testng.reporters.JUnitXMLReporter -->
<testsuite ignored="0" hostname="DESKTOP-O7O7JU5" failures="0" tests="4" name="Methods Executions" time="2.854" errors="0" timestamp="2025-09-21T22:00:53 IST">
  <testcase classname="com.TestNGPractice.TestNGExecutionOrder" name="URL" time="1.15"/>
  <testcase classname="com.TestNGPractice.TestNGTest" name="ABCTC" time="0.005"/>
  <testcase classname="com.TestNGPractice.TestNGTest" name="ABCTC0" time="0.004"/>
  <testcase classname="com.TestNGPractice.TestNGTest" name="FirstTC0" time="0.006"/>
</testsuite> <!-- Methods Executions -->
