<?xml version="1.0" encoding="UTF-8"?>
<!-- Generated by org.testng.reporters.JUnitXMLReporter -->
<testsuite ignored="1" hostname="DESKTOP-O7O7JU5" failures="0" tests="1" name="Groups Executions" time="0.064" errors="0" timestamp="2025-09-21T17:15:25 IST">
  <testcase classname="com.TestNGPractice.TestNGGroups" name="Group2" time="0.01"/>
  <testcase classname="com.TestNGPractice.TestNGGroups" name="Group1" time="0.0">
    <ignored/>
  </testcase> <!-- Group1 -->
</testsuite> <!-- Groups Executions -->
