<?xml version="1.0" encoding="UTF-8"?>
<!-- Generated by org.testng.reporters.JUnitXMLReporter -->
<testsuite ignored="0" hostname="DESKTOP-O7O7JU5" failures="0" tests="4" name="Parallel Executions" time="4.099" errors="0" timestamp="2025-09-21T19:00:50 IST">
  <testcase classname="com.TestNGPractice.TestNGParallelExecution2" name="demoblaze" time="2.988"/>
  <testcase classname="com.TestNGPractice.TestNGParallelExecution" name="github" time="3.702"/>
  <testcase classname="com.TestNGPractice.TestNGParallelExecution2" name="PostMan" time="4.019"/>
  <testcase classname="com.TestNGPractice.TestNGParallelExecution" name="Flipkart" time="4.05"/>
</testsuite> <!-- Parallel Executions -->
